1 [127784468817856] INFO perfrun.launcher <> - Launcher main begin
1 [127784468817856] INFO perfrun.launcher <> - MessageCatalogInit finished
1 [127784468817856] INFO perfrun.launcher <> - Launcher instance created
1 [127784468817856] INFO perfrun.launcher <> - argc = 7; cmdline = /opt/intel/oneapi/advisor/2024.2/bin64/advixe-runss --ui-output-format xml --ui-output-fd 112 --option-file /home/usuario/Descargas/lab1-master/src/Matmul1/e000/hs001/config/runss.options 
32 [127784468817856] INFO perfrun.launcher <> - create msngr2::ICliToolContext
32 [127784468817856] INFO perfrun.launcher <> - create file finder object
32 [127784468817856] INFO perfrun.launcher <> - create a result directory: pattern = /home/usuario/Descargas/lab1-master/src/Matmul1/e000/hs001 pid = 4294967295
35 [127784468817856] INFO perfrun.sdk <> - checked that the directory /home/usuario/Descargas/lab1-master/src/Matmul1/e000/hs001 is a local directory
35 [127784468817856] INFO perfrun.sdk <> - the directory /home/usuario/Descargas/lab1-master/src/Matmul1/e000/hs001 is a local directory with FS type ID 61267
35 [127784468817856] INFO perfrun.launcher <> - create data directory = /home/usuario/Descargas/lab1-master/src/Matmul1/e000/hs001/data.0
35 [127784468817856] INFO perfrun.launcher <> - Creating the master collection flag
38 [127784468817856] INFO perfrun.launcher <> - Done creating the master collection flag
38 [127784246576704] INFO perfrun.launcher <> - plugin [remoteplug] was disabled because it doesn't support the given collection type.
39 [127784246576704] INFO perfrun.sdk <> - Allocating TMU :/home/usuario/Descargas/lab1-master/src/Matmul1/e000/hs001/data.0/systemcollector-11466-usuario-Aspire-A514-52G.sc
39 [127784246576704] INFO perfrun.launcher <> - plugin [] was disabled because it doesn't support the given collection type.
39 [127784246576704] INFO perfrun.launcher <> - plugin [gpu] was disabled because it doesn't support the given collection type.
39 [127784246576704] INFO perfrun.launcher <> - plugin [] was disabled because it doesn't support the given collection type.
39 [127784246576704] INFO perfrun.launcher <> - plugin [] was disabled because it doesn't support the given collection type.
39 [127784246576704] INFO perfrun.launcher <> - plugin [] was disabled because it doesn't support the given collection type.
39 [127784246576704] INFO perfrun.mrte <> - system-wide mode is 0
39 [127784246576704] INFO perfrun.mrte <> - Getting  mrte profiling environment ...
43 [127784246576704] INFO perfrun.mrte <> - INTEL_MRTE_DATA_DIR=/home/usuario/Descargas/lab1-master/src/Matmul1/e000/hs001/data.0
43 [127784246576704] INFO perfrun.mrte <> - INTEL_MRTE_HOST_NAME=usuario-Aspire-A514-52G
43 [127784246576704] INFO perfrun.mrte <> - JAVA_TOOL_OPTIONS=-agentlib:advixe_samplingmrte_javaprof_1.0 -Dsun.boot.library.path=/opt/intel/oneapi/advisor/2024.2/lib32/runtime:/opt/intel/oneapi/advisor/2024.2/lib64/runtime
43 [127784246576704] INFO perfrun.mrte <> - LD_LIBRARY_PATH=/opt/intel/oneapi/advisor/2024.2/lib32/runtime:/opt/intel/oneapi/advisor/2024.2/lib64/runtime:/opt/intel/oneapi/tbb/2021.13/env/../lib/intel64/gcc4.8:/opt/intel/oneapi/mpi/2021.13/opt/mpi/libfabric/lib:/opt/intel/oneapi/mpi/2021.13/lib:/opt/intel/oneapi/mkl/2024.2/lib:/opt/intel/oneapi/ippcp/2021.12/lib/:/opt/intel/oneapi/ipp/2021.12/lib:/opt/intel/oneapi/dpl/2022.6/lib:/opt/intel/oneapi/dnnl/2024.2/lib:/opt/intel/oneapi/debugger/2024.2/opt/debugger/lib:/opt/intel/oneapi/dal/2024.6/lib:/opt/intel/oneapi/compiler/2024.2/opt/compiler/lib:/opt/intel/oneapi/compiler/2024.2/lib:/opt/intel/oneapi/ccl/2021.13/lib/
43 [127784246576704] INFO perfrun.mrte <> - Data directory: /home/usuario/Descargas/lab1-master/src/Matmul1/e000/hs001/data.0
43 [127784246576704] INFO perfrun.mrte <> - Mrte plugin is initialized
43 [127784246576704] INFO perfrun.launcher <> - plugin [] was disabled because it doesn't support the given collection type.
43 [127784246576704] INFO perfrun.launcher <> - plugin [] was disabled because it doesn't support the given collection type.
43 [127784246576704] INFO perfrun.launcher <> - plugin [] was disabled because it doesn't support the given collection type.
43 [127784246576704] INFO perfrun.launcher <> - plugin [] was disabled because it doesn't support the given collection type.
44 [127784246576704] INFO perfrun.launcher <> - plugin [] was disabled because it doesn't support the given collection type.
44 [127784246576704] INFO perfrun.launcher <> - plugin [] was disabled because it doesn't support the given collection type.
44 [127784246576704] INFO perfrun.launcher <> - plugin [] was disabled because it doesn't support the given collection type.
44 [127784246576704] INFO perfrun.tpss <> - initialize tpss controller
44 [127784246576704] INFO perfrun.tpss <> - configure collection mode: value = cpu:stack
44 [127784246576704] INFO perfrun.tpss <> - default obj-size-min=1024
44 [127784246576704] INFO perfrun.tpss <> - default hash-table-size=0
44 [127784246576704] INFO perfrun.launcher <> - plugin [] was disabled because it doesn't support the given collection type.
44 [127784246576704] INFO perfrun.launcher <> - plugin [] was disabled because it doesn't support the given collection type.
44 [127784246576704] INFO perfrun.launcher <> - plugin [] was disabled because it doesn't support the given collection type.
44 [127784246576704] INFO perfrun.launcher <> - plugin [] was disabled because it doesn't support the given collection type.
44 [127784246576704] INFO perfrun.launcher <> - plugin [] was disabled because it doesn't support the given collection type.
44 [127784246576704] INFO perfrun.launcher <> - plugin [] was disabled because it doesn't support the given collection type.
44 [127784246576704] INFO perfrun.launcher <> - plugin [] was disabled because it doesn't support the given collection type.
44 [127784246576704] INFO perfrun.launcher <> - plugin [] was disabled because it doesn't support the given collection type.
44 [127784246576704] INFO perfrun.launcher <> - plugin [] was disabled because it doesn't support the given collection type.
44 [127784468817856] INFO perfrun.launcher <> - set environment variable: LD_LIBRARY_PATH = /opt/intel/oneapi/advisor/2024.2/lib32/runtime:/opt/intel/oneapi/advisor/2024.2/lib64/runtime:/opt/intel/oneapi/tbb/2021.13/env/../lib/intel64/gcc4.8:/opt/intel/oneapi/mpi/2021.13/opt/mpi/libfabric/lib:/opt/intel/oneapi/mpi/2021.13/lib:/opt/intel/oneapi/mkl/2024.2/lib:/opt/intel/oneapi/ippcp/2021.12/lib/:/opt/intel/oneapi/ipp/2021.12/lib:/opt/intel/oneapi/dpl/2022.6/lib:/opt/intel/oneapi/dnnl/2024.2/lib:/opt/intel/oneapi/debugger/2024.2/opt/debugger/lib:/opt/intel/oneapi/dal/2024.6/lib:/opt/intel/oneapi/compiler/2024.2/opt/compiler/lib:/opt/intel/oneapi/compiler/2024.2/lib:/opt/intel/oneapi/ccl/2021.13/lib/
44 [127784468817856] INFO perfrun.launcher <> - set environment variable: INTEL_LIBITTNOTIFY32 = /opt/intel/oneapi/advisor/2024.2/lib32/runtime/libittnotify_collector.so
44 [127784468817856] INFO perfrun.launcher <> - set environment variable: INTEL_LIBITTNOTIFY64 = /opt/intel/oneapi/advisor/2024.2/lib64/runtime/libittnotify_collector.so
44 [127784468817856] INFO perfrun.launcher <> - set environment variable: INTEL_ITTNOTIFY_GROUPS = 
44 [127784468817856] INFO perfrun.launcher <> - set environment variable: INTEL_JIT_PROFILER32 = /opt/intel/oneapi/advisor/2024.2/lib32/runtime/libittnotify_collector.so
44 [127784468817856] INFO perfrun.launcher <> - set environment variable: INTEL_JIT_PROFILER64 = /opt/intel/oneapi/advisor/2024.2/lib64/runtime/libittnotify_collector.so
44 [127784468817856] INFO perfrun.launcher <> - set environment variable: ENABLE_JITPROFILING = 1
44 [127784468817856] INFO perfrun.launcher <> - set environment variable: CL_CONFIG_USE_VTUNE = True
44 [127784468817856] INFO perfrun.launcher <> - set environment variable: KMP_FORKJOIN_FRAMES = 0
44 [127784468817856] INFO perfrun.launcher <> - set environment variable: KMP_FORKJOIN_FRAMES_MODE = 0
44 [127784468817856] INFO perfrun.launcher <> - set environment variable: INTEL_MRTE_DATA_DIR = /home/usuario/Descargas/lab1-master/src/Matmul1/e000/hs001/data.0
44 [127784468817856] INFO perfrun.launcher <> - set environment variable: INTEL_MRTE_HOST_NAME = usuario-Aspire-A514-52G
44 [127784468817856] INFO perfrun.launcher <> - set environment variable: JAVA_TOOL_OPTIONS = -agentlib:advixe_samplingmrte_javaprof_1.0 -Dsun.boot.library.path=/opt/intel/oneapi/advisor/2024.2/lib32/runtime:/opt/intel/oneapi/advisor/2024.2/lib64/runtime
44 [127784468817856] INFO perfrun.launcher <> - set environment variable: LD_LIBRARY_PATH = /opt/intel/oneapi/advisor/2024.2/lib32/runtime:/opt/intel/oneapi/advisor/2024.2/lib64/runtime:/opt/intel/oneapi/tbb/2021.13/env/../lib/intel64/gcc4.8:/opt/intel/oneapi/mpi/2021.13/opt/mpi/libfabric/lib:/opt/intel/oneapi/mpi/2021.13/lib:/opt/intel/oneapi/mkl/2024.2/lib:/opt/intel/oneapi/ippcp/2021.12/lib/:/opt/intel/oneapi/ipp/2021.12/lib:/opt/intel/oneapi/dpl/2022.6/lib:/opt/intel/oneapi/dnnl/2024.2/lib:/opt/intel/oneapi/debugger/2024.2/opt/debugger/lib:/opt/intel/oneapi/dal/2024.6/lib:/opt/intel/oneapi/compiler/2024.2/opt/compiler/lib:/opt/intel/oneapi/compiler/2024.2/lib:/opt/intel/oneapi/ccl/2021.13/lib/
44 [127784468817856] INFO perfrun.launcher <> - RpcServer: run RPC server to handle requests
44 [127784468817856] INFO perfrun.launcher <> - Launcher: command line to start before modification = /home/usuario/Descargas/lab1-master/src/matmul
44 [127784468817856] INFO perfrun.launcher <> - Launcher: command line to start after modification = /opt/intel/oneapi/advisor/2024.2/bin64/pin -error_file /home/usuario/Descargas/lab1-master/src/Matmul1/e000/hs001/data.0/pinerr.tpsslog -detach_reattach -follow_execv -tool_load_option deepbind -t64 /opt/intel/oneapi/advisor/2024.2/lib64/libtpsstool.so -t /opt/intel/oneapi/advisor/2024.2/lib32/libtpsstool.so -server_name tpss_ipc.11466 -prd_dir /opt/intel/oneapi/advisor/2024.2 -- /home/usuario/Descargas/lab1-master/src/matmul
45 [127784468817856] INFO perfrun.launcher <> - ProcessCreator object was created
45 [127784468817856] INFO perfrun.launcher <> - Launcher: the process was started in suspend mode
46 [127784246576704] WARN perfrun.system <> - Could not do anything with /sys/kernel/debug/kvm: boost::filesystem::status: Permission denied [system:13]: "/sys/kernel/debug/kvm", at file: vcs/perfrun1/plugins/system/src/trace_writer.cpp:787
46 [127784246576704] WARN perfrun.system <> - Folder "/var/run/libvirt/qemu/"doesn't exist, at file: vcs/perfrun1/plugins/system/src/trace_writer.cpp:800
47 [127784246576704] WARN perfrun.sdk <> - Failed to find xl binary on any of the system paths: /bin, /sbin, /usr/bin, /usr/sbin., at file: vcs/perfrun1/sdk/src/utils.cpp:205
50 [127784246576704] INFO perfrun.vdso <> - Helper runtool '/opt/intel/oneapi/advisor/2024.2/bin32/advixe-runss -dump-vdso -r /home/usuario/Descargas/lab1-master/src/Matmul1/e000/hs001 --tmp-dir /tmp/advixe-tmp-usuario' returned 1
96 [127784246576704] INFO perfrun.vdso <> - Helper runtool '/opt/intel/oneapi/advisor/2024.2/bin64/advixe-runss -dump-vdso -r /home/usuario/Descargas/lab1-master/src/Matmul1/e000/hs001 --tmp-dir /tmp/advixe-tmp-usuario' returned 0
96 [127784246576704] INFO perfrun.itt <> - start itt controller for pid #11478
96 [127784246576704] INFO perfrun.tpss <> - start tpss controller for pid #11478
146 [127784468817856] INFO perfrun.launcher <> - Launcher: all plugins were started
146 [127784468817856] INFO perfrun.launcher <> - DirectoryMonitor object was created
146 [127784468817856] INFO perfrun.launcher <> - DirectoryMonitor: a callback was added
146 [127784468817856] INFO perfrun.launcher <> - DirectoryMonitor was started with pingTime = 1000
146 [127784468817856] INFO perfrun.launcher <> - DeadlineTimer is going to be constructed
146 [127784468817856] INFO perfrun.launcher <> - DeadlineTimer: a callback was added
150 [127784468817856] INFO perfrun.launcher <> - Launcher: resume the profiled application and  wait its termination or stop command
518 [127784468817856] INFO perfrun.launcher <> - Launcher: the profiled application was terminated  with exit code = 0
522 [127784246576704] INFO perfrun.itt <> - detach itt controller
522 [127784246576704] INFO perfrun.itt <> - detach itt controller done
522 [127784246576704] INFO perfrun.tpss <> - stop tpss controller
522 [127784246576704] INFO perfrun.sdk <> - De-allocating TMU: /home/usuario/Descargas/lab1-master/src/Matmul1/e000/hs001/data.0/systemcollector-11466-usuario-Aspire-A514-52G.sc
522 [127784246576704] INFO perfrun.system <> - closed the system trace file: /home/usuario/Descargas/lab1-master/src/Matmul1/e000/hs001/data.0/systemcollector-11466-usuario-Aspire-A514-52G.sc
522 [127784468817856] INFO perfrun.launcher <> - Launcher: all plugins were stopped.
522 [127784468817856] INFO perfrun.launcher <> - DeadlineTimer is going to be destroyed
522 [127784468817856] INFO perfrun.launcher <> - DeadlineTimer was destroyed
522 [127784468817856] INFO perfrun.launcher <> - DirectoryMonitor object was destroyed
522 [127784468817856] WARN perfrun.launcher <> - Stop command is ignored because it is received when collection is already stopped, at file: vcs/perfrun1/launcher/src/command_handler.cpp:226
522 [127784468817856] INFO perfrun.launcher <> - Application exit code: 0
522 [127784468817856] INFO perfrun.launcher <> - Exit code: 0
