1 [135187349723072] INFO perfrun.launcher <> - Launcher main begin
1 [135187349723072] INFO perfrun.launcher <> - MessageCatalogInit finished
1 [135187349723072] INFO perfrun.launcher <> - Launcher instance created
1 [135187349723072] INFO perfrun.launcher <> - argc = 7; cmdline = /opt/intel/oneapi/advisor/2024.2/bin64/advixe-runss --ui-output-format xml --ui-output-fd 110 --option-file /home/usuario/Descargas/lab1-master/src/matmul2/e000/hs000/config/runss.options 
34 [135187349723072] INFO perfrun.launcher <> - create msngr2::ICliToolContext
34 [135187349723072] INFO perfrun.launcher <> - create file finder object
34 [135187349723072] INFO perfrun.launcher <> - create a result directory: pattern = /home/usuario/Descargas/lab1-master/src/matmul2/e000/hs000 pid = 4294967295
36 [135187349723072] INFO perfrun.sdk <> - checked that the directory /home/usuario/Descargas/lab1-master/src/matmul2/e000/hs000 is a local directory
36 [135187349723072] INFO perfrun.sdk <> - the directory /home/usuario/Descargas/lab1-master/src/matmul2/e000/hs000 is a local directory with FS type ID 61267
36 [135187349723072] INFO perfrun.launcher <> - create data directory = /home/usuario/Descargas/lab1-master/src/matmul2/e000/hs000/data.0
36 [135187349723072] INFO perfrun.launcher <> - Creating the master collection flag
39 [135187349723072] INFO perfrun.launcher <> - Done creating the master collection flag
40 [135187128124992] INFO perfrun.launcher <> - plugin [remoteplug] was disabled because it doesn't support the given collection type.
40 [135187128124992] INFO perfrun.sdk <> - Allocating TMU :/home/usuario/Descargas/lab1-master/src/matmul2/e000/hs000/data.0/systemcollector-12415-usuario-Aspire-A514-52G.sc
40 [135187128124992] INFO perfrun.launcher <> - plugin [] was disabled because it doesn't support the given collection type.
40 [135187128124992] INFO perfrun.launcher <> - plugin [gpu] was disabled because it doesn't support the given collection type.
40 [135187128124992] INFO perfrun.launcher <> - plugin [] was disabled because it doesn't support the given collection type.
40 [135187128124992] INFO perfrun.launcher <> - plugin [] was disabled because it doesn't support the given collection type.
40 [135187128124992] INFO perfrun.launcher <> - plugin [] was disabled because it doesn't support the given collection type.
40 [135187128124992] INFO perfrun.mrte <> - system-wide mode is 0
40 [135187128124992] INFO perfrun.mrte <> - Getting  mrte profiling environment ...
44 [135187128124992] INFO perfrun.mrte <> - INTEL_MRTE_DATA_DIR=/home/usuario/Descargas/lab1-master/src/matmul2/e000/hs000/data.0
44 [135187128124992] INFO perfrun.mrte <> - INTEL_MRTE_HOST_NAME=usuario-Aspire-A514-52G
44 [135187128124992] INFO perfrun.mrte <> - JAVA_TOOL_OPTIONS=-agentlib:advixe_samplingmrte_javaprof_1.0 -Dsun.boot.library.path=/opt/intel/oneapi/advisor/2024.2/lib32/runtime:/opt/intel/oneapi/advisor/2024.2/lib64/runtime
44 [135187128124992] INFO perfrun.mrte <> - LD_LIBRARY_PATH=/opt/intel/oneapi/advisor/2024.2/lib32/runtime:/opt/intel/oneapi/advisor/2024.2/lib64/runtime:/opt/intel/oneapi/tbb/2021.13/env/../lib/intel64/gcc4.8:/opt/intel/oneapi/mpi/2021.13/opt/mpi/libfabric/lib:/opt/intel/oneapi/mpi/2021.13/lib:/opt/intel/oneapi/mkl/2024.2/lib:/opt/intel/oneapi/ippcp/2021.12/lib/:/opt/intel/oneapi/ipp/2021.12/lib:/opt/intel/oneapi/dpl/2022.6/lib:/opt/intel/oneapi/dnnl/2024.2/lib:/opt/intel/oneapi/debugger/2024.2/opt/debugger/lib:/opt/intel/oneapi/dal/2024.6/lib:/opt/intel/oneapi/compiler/2024.2/opt/compiler/lib:/opt/intel/oneapi/compiler/2024.2/lib:/opt/intel/oneapi/ccl/2021.13/lib/
44 [135187128124992] INFO perfrun.mrte <> - Data directory: /home/usuario/Descargas/lab1-master/src/matmul2/e000/hs000/data.0
44 [135187128124992] INFO perfrun.mrte <> - Mrte plugin is initialized
44 [135187128124992] INFO perfrun.launcher <> - plugin [] was disabled because it doesn't support the given collection type.
44 [135187128124992] INFO perfrun.launcher <> - plugin [] was disabled because it doesn't support the given collection type.
44 [135187128124992] INFO perfrun.launcher <> - plugin [] was disabled because it doesn't support the given collection type.
44 [135187128124992] INFO perfrun.launcher <> - plugin [] was disabled because it doesn't support the given collection type.
44 [135187128124992] INFO perfrun.launcher <> - plugin [] was disabled because it doesn't support the given collection type.
44 [135187128124992] INFO perfrun.launcher <> - plugin [] was disabled because it doesn't support the given collection type.
44 [135187128124992] INFO perfrun.launcher <> - plugin [] was disabled because it doesn't support the given collection type.
44 [135187128124992] INFO perfrun.tpss <> - initialize tpss controller
44 [135187128124992] INFO perfrun.tpss <> - configure collection mode: value = cpu:stack
44 [135187128124992] INFO perfrun.tpss <> - default obj-size-min=1024
44 [135187128124992] INFO perfrun.tpss <> - default hash-table-size=0
44 [135187128124992] INFO perfrun.launcher <> - plugin [] was disabled because it doesn't support the given collection type.
44 [135187128124992] INFO perfrun.launcher <> - plugin [] was disabled because it doesn't support the given collection type.
44 [135187128124992] INFO perfrun.launcher <> - plugin [] was disabled because it doesn't support the given collection type.
44 [135187128124992] INFO perfrun.launcher <> - plugin [] was disabled because it doesn't support the given collection type.
44 [135187128124992] INFO perfrun.launcher <> - plugin [] was disabled because it doesn't support the given collection type.
44 [135187128124992] INFO perfrun.launcher <> - plugin [] was disabled because it doesn't support the given collection type.
44 [135187128124992] INFO perfrun.launcher <> - plugin [] was disabled because it doesn't support the given collection type.
44 [135187128124992] INFO perfrun.launcher <> - plugin [] was disabled because it doesn't support the given collection type.
44 [135187128124992] INFO perfrun.launcher <> - plugin [] was disabled because it doesn't support the given collection type.
45 [135187349723072] INFO perfrun.launcher <> - set environment variable: LD_LIBRARY_PATH = /opt/intel/oneapi/advisor/2024.2/lib32/runtime:/opt/intel/oneapi/advisor/2024.2/lib64/runtime:/opt/intel/oneapi/tbb/2021.13/env/../lib/intel64/gcc4.8:/opt/intel/oneapi/mpi/2021.13/opt/mpi/libfabric/lib:/opt/intel/oneapi/mpi/2021.13/lib:/opt/intel/oneapi/mkl/2024.2/lib:/opt/intel/oneapi/ippcp/2021.12/lib/:/opt/intel/oneapi/ipp/2021.12/lib:/opt/intel/oneapi/dpl/2022.6/lib:/opt/intel/oneapi/dnnl/2024.2/lib:/opt/intel/oneapi/debugger/2024.2/opt/debugger/lib:/opt/intel/oneapi/dal/2024.6/lib:/opt/intel/oneapi/compiler/2024.2/opt/compiler/lib:/opt/intel/oneapi/compiler/2024.2/lib:/opt/intel/oneapi/ccl/2021.13/lib/
46 [135187349723072] INFO perfrun.launcher <> - set environment variable: INTEL_LIBITTNOTIFY32 = /opt/intel/oneapi/advisor/2024.2/lib32/runtime/libittnotify_collector.so
46 [135187349723072] INFO perfrun.launcher <> - set environment variable: INTEL_LIBITTNOTIFY64 = /opt/intel/oneapi/advisor/2024.2/lib64/runtime/libittnotify_collector.so
46 [135187349723072] INFO perfrun.launcher <> - set environment variable: INTEL_ITTNOTIFY_GROUPS = 
46 [135187349723072] INFO perfrun.launcher <> - set environment variable: INTEL_JIT_PROFILER32 = /opt/intel/oneapi/advisor/2024.2/lib32/runtime/libittnotify_collector.so
46 [135187349723072] INFO perfrun.launcher <> - set environment variable: INTEL_JIT_PROFILER64 = /opt/intel/oneapi/advisor/2024.2/lib64/runtime/libittnotify_collector.so
46 [135187349723072] INFO perfrun.launcher <> - set environment variable: ENABLE_JITPROFILING = 1
46 [135187349723072] INFO perfrun.launcher <> - set environment variable: CL_CONFIG_USE_VTUNE = True
46 [135187349723072] INFO perfrun.launcher <> - set environment variable: KMP_FORKJOIN_FRAMES = 0
46 [135187349723072] INFO perfrun.launcher <> - set environment variable: KMP_FORKJOIN_FRAMES_MODE = 0
46 [135187349723072] INFO perfrun.launcher <> - set environment variable: INTEL_MRTE_DATA_DIR = /home/usuario/Descargas/lab1-master/src/matmul2/e000/hs000/data.0
46 [135187349723072] INFO perfrun.launcher <> - set environment variable: INTEL_MRTE_HOST_NAME = usuario-Aspire-A514-52G
46 [135187349723072] INFO perfrun.launcher <> - set environment variable: JAVA_TOOL_OPTIONS = -agentlib:advixe_samplingmrte_javaprof_1.0 -Dsun.boot.library.path=/opt/intel/oneapi/advisor/2024.2/lib32/runtime:/opt/intel/oneapi/advisor/2024.2/lib64/runtime
46 [135187349723072] INFO perfrun.launcher <> - set environment variable: LD_LIBRARY_PATH = /opt/intel/oneapi/advisor/2024.2/lib32/runtime:/opt/intel/oneapi/advisor/2024.2/lib64/runtime:/opt/intel/oneapi/tbb/2021.13/env/../lib/intel64/gcc4.8:/opt/intel/oneapi/mpi/2021.13/opt/mpi/libfabric/lib:/opt/intel/oneapi/mpi/2021.13/lib:/opt/intel/oneapi/mkl/2024.2/lib:/opt/intel/oneapi/ippcp/2021.12/lib/:/opt/intel/oneapi/ipp/2021.12/lib:/opt/intel/oneapi/dpl/2022.6/lib:/opt/intel/oneapi/dnnl/2024.2/lib:/opt/intel/oneapi/debugger/2024.2/opt/debugger/lib:/opt/intel/oneapi/dal/2024.6/lib:/opt/intel/oneapi/compiler/2024.2/opt/compiler/lib:/opt/intel/oneapi/compiler/2024.2/lib:/opt/intel/oneapi/ccl/2021.13/lib/
46 [135187349723072] INFO perfrun.launcher <> - RpcServer: run RPC server to handle requests
46 [135187349723072] INFO perfrun.launcher <> - Launcher: command line to start before modification = /home/usuario/Descargas/lab1-master/src/matul2
46 [135187349723072] INFO perfrun.launcher <> - Launcher: command line to start after modification = /opt/intel/oneapi/advisor/2024.2/bin64/pin -error_file /home/usuario/Descargas/lab1-master/src/matmul2/e000/hs000/data.0/pinerr.tpsslog -detach_reattach -follow_execv -tool_load_option deepbind -t64 /opt/intel/oneapi/advisor/2024.2/lib64/libtpsstool.so -t /opt/intel/oneapi/advisor/2024.2/lib32/libtpsstool.so -server_name tpss_ipc.12415 -prd_dir /opt/intel/oneapi/advisor/2024.2 -- /home/usuario/Descargas/lab1-master/src/matul2
46 [135187349723072] INFO perfrun.launcher <> - ProcessCreator object was created
47 [135187349723072] INFO perfrun.launcher <> - Launcher: the process was started in suspend mode
48 [135187128124992] WARN perfrun.system <> - Could not do anything with /sys/kernel/debug/kvm: boost::filesystem::status: Permission denied [system:13]: "/sys/kernel/debug/kvm", at file: vcs/perfrun1/plugins/system/src/trace_writer.cpp:787
48 [135187128124992] WARN perfrun.system <> - Folder "/var/run/libvirt/qemu/"doesn't exist, at file: vcs/perfrun1/plugins/system/src/trace_writer.cpp:800
48 [135187128124992] WARN perfrun.sdk <> - Failed to find xl binary on any of the system paths: /bin, /sbin, /usr/bin, /usr/sbin., at file: vcs/perfrun1/sdk/src/utils.cpp:205
51 [135187128124992] INFO perfrun.vdso <> - Helper runtool '/opt/intel/oneapi/advisor/2024.2/bin32/advixe-runss -dump-vdso -r /home/usuario/Descargas/lab1-master/src/matmul2/e000/hs000 --tmp-dir /tmp/advixe-tmp-usuario' returned 1
99 [135187128124992] INFO perfrun.vdso <> - Helper runtool '/opt/intel/oneapi/advisor/2024.2/bin64/advixe-runss -dump-vdso -r /home/usuario/Descargas/lab1-master/src/matmul2/e000/hs000 --tmp-dir /tmp/advixe-tmp-usuario' returned 0
99 [135187128124992] INFO perfrun.itt <> - start itt controller for pid #12426
99 [135187128124992] INFO perfrun.tpss <> - start tpss controller for pid #12426
150 [135187349723072] INFO perfrun.launcher <> - Launcher: all plugins were started
150 [135187349723072] INFO perfrun.launcher <> - DirectoryMonitor object was created
150 [135187349723072] INFO perfrun.launcher <> - DirectoryMonitor: a callback was added
150 [135187349723072] INFO perfrun.launcher <> - DirectoryMonitor was started with pingTime = 1000
150 [135187349723072] INFO perfrun.launcher <> - DeadlineTimer is going to be constructed
150 [135187349723072] INFO perfrun.launcher <> - DeadlineTimer: a callback was added
154 [135187349723072] INFO perfrun.launcher <> - Launcher: resume the profiled application and  wait its termination or stop command
583 [135187349723072] INFO perfrun.launcher <> - Launcher: the profiled application was terminated  with exit code = 0
586 [135187128124992] INFO perfrun.itt <> - detach itt controller
586 [135187128124992] INFO perfrun.itt <> - detach itt controller done
586 [135187128124992] INFO perfrun.tpss <> - stop tpss controller
586 [135187128124992] INFO perfrun.sdk <> - De-allocating TMU: /home/usuario/Descargas/lab1-master/src/matmul2/e000/hs000/data.0/systemcollector-12415-usuario-Aspire-A514-52G.sc
586 [135187128124992] INFO perfrun.system <> - closed the system trace file: /home/usuario/Descargas/lab1-master/src/matmul2/e000/hs000/data.0/systemcollector-12415-usuario-Aspire-A514-52G.sc
586 [135187349723072] INFO perfrun.launcher <> - Launcher: all plugins were stopped.
586 [135187349723072] INFO perfrun.launcher <> - DeadlineTimer is going to be destroyed
587 [135187349723072] INFO perfrun.launcher <> - DeadlineTimer was destroyed
587 [135187349723072] INFO perfrun.launcher <> - DirectoryMonitor object was destroyed
587 [135187349723072] WARN perfrun.launcher <> - Stop command is ignored because it is received when collection is already stopped, at file: vcs/perfrun1/launcher/src/command_handler.cpp:226
587 [135187349723072] INFO perfrun.launcher <> - Application exit code: 0
587 [135187349723072] INFO perfrun.launcher <> - Exit code: 0
